# JRE version: Java(TM) SE Runtime Environment (7.0_71-b14) (build 1.7.0_71-b14)
# Java VM: Java HotSpot(TM) 64-Bit Server VM (24.71-b01 mixed mode windows-amd64 compressed oops)
Heap
 PSYoungGen      total 291840K, used 271263K [0x00000000eaa80000, 0x0000000100000000, 0x0000000100000000)
  eden space 250368K, 100% used [0x00000000eaa80000,0x00000000f9f00000,0x00000000f9f00000)
  from space 41472K, 50% used [0x00000000f9f00000,0x00000000fb367d48,0x00000000fc780000)
  to   space 57856K, 72% used [0x00000000fc780000,0x00000000ff0465a8,0x0000000100000000)
 ParOldGen       total 164352K, used 91948K [0x00000000c0000000, 0x00000000ca080000, 0x00000000eaa80000)
  object space 164352K, 55% used [0x00000000c0000000,0x00000000c59cb358,0x00000000ca080000)
 PSPermGen       total 21504K, used 6167K [0x00000000bae00000, 0x00000000bc300000, 0x00000000c0000000)
  object space 21504K, 28% used [0x00000000bae00000,0x00000000bb405e48,0x00000000bc300000)
GC Heap History (10 events):
Event: 4.566 GC heap after
Heap after GC invocations=6 (full 0):
 PSYoungGen      total 147456K, used 15321K [0x00000000eaa80000, 0x00000000f5480000, 0x0000000100000000)
  eden space 130048K, 0% used [0x00000000eaa80000,0x00000000eaa80000,0x00000000f2980000)
  from space 17408K, 88% used [0x00000000f3d80000,0x00000000f4c76630,0x00000000f4e80000)
  to   space 20480K, 0% used [0x00000000f2980000,0x00000000f2980000,0x00000000f3d80000)
 ParOldGen       total 86016K, used 15906K [0x00000000c0000000, 0x00000000c5400000, 0x00000000eaa80000)
  object space 86016K, 18% used [0x00000000c0000000,0x00000000c0f88b90,0x00000000c5400000)
 PSPermGen       total 21504K, used 6036K [0x00000000bae00000, 0x00000000bc300000, 0x00000000c0000000)
  object space 21504K, 28% used [0x00000000bae00000,0x00000000bb3e5008,0x00000000bc300000)
}
Event: 6.089 GC heap before
{Heap before GC invocations=7 (full 0):
 PSYoungGen      total 147456K, used 145369K [0x00000000eaa80000, 0x00000000f5480000, 0x0000000100000000)
  eden space 130048K, 100% used [0x00000000eaa80000,0x00000000f2980000,0x00000000f2980000)
  from space 17408K, 88% used [0x00000000f3d80000,0x00000000f4c76630,0x00000000f4e80000)
  to   space 20480K, 0% used [0x00000000f2980000,0x00000000f2980000,0x00000000f3d80000)
 ParOldGen       total 86016K, used 15906K [0x00000000c0000000, 0x00000000c5400000, 0x00000000eaa80000)
  object space 86016K, 18% used [0x00000000c0000000,0x00000000c0f88b90,0x00000000c5400000)
 PSPermGen       total 21504K, used 6118K [0x00000000bae00000, 0x00000000bc300000, 0x00000000c0000000)
  object space 21504K, 28% used [0x00000000bae00000,0x00000000bb3f98b8,0x00000000bc300000)
Event: 6.161 GC heap after
Heap after GC invocations=7 (full 0):
 PSYoungGen      total 150528K, used 20472K [0x00000000eaa80000, 0x00000000fe680000, 0x0000000100000000)
  eden space 130048K, 0% used [0x00000000eaa80000,0x00000000eaa80000,0x00000000f2980000)
  from space 20480K, 99% used [0x00000000f2980000,0x00000000f3d7e188,0x00000000f3d80000)
  to   space 31744K, 0% used [0x00000000fc780000,0x00000000fc780000,0x00000000fe680000)
 ParOldGen       total 86016K, used 30146K [0x00000000c0000000, 0x00000000c5400000, 0x00000000eaa80000)
  object space 86016K, 35% used [0x00000000c0000000,0x00000000c1d70850,0x00000000c5400000)
 PSPermGen       total 21504K, used 6118K [0x00000000bae00000, 0x00000000bc300000, 0x00000000c0000000)
  object space 21504K, 28% used [0x00000000bae00000,0x00000000bb3f98b8,0x00000000bc300000)
}
Event: 7.096 GC heap before
{Heap before GC invocations=8 (full 0):
 PSYoungGen      total 150528K, used 150520K [0x00000000eaa80000, 0x00000000fe680000, 0x0000000100000000)
  eden space 130048K, 100% used [0x00000000eaa80000,0x00000000f2980000,0x00000000f2980000)
  from space 20480K, 99% used [0x00000000f2980000,0x00000000f3d7e188,0x00000000f3d80000)
  to   space 31744K, 0% used [0x00000000fc780000,0x00000000fc780000,0x00000000fe680000)
 ParOldGen       total 86016K, used 30146K [0x00000000c0000000, 0x00000000c5400000, 0x00000000eaa80000)
  object space 86016K, 35% used [0x00000000c0000000,0x00000000c1d70850,0x00000000c5400000)
 PSPermGen       total 21504K, used 6131K [0x00000000bae00000, 0x00000000bc300000, 0x00000000c0000000)
  object space 21504K, 28% used [0x00000000bae00000,0x00000000bb3fcfc0,0x00000000bc300000)
Event: 7.192 GC heap after
Heap after GC invocations=8 (full 0):
 PSYoungGen      total 282112K, used 31724K [0x00000000eaa80000, 0x00000000ff980000, 0x0000000100000000)
  eden space 250368K, 0% used [0x00000000eaa80000,0x00000000eaa80000,0x00000000f9f00000)
  from space 31744K, 99% used [0x00000000fc780000,0x00000000fe67b3d0,0x00000000fe680000)
  to   space 41472K, 0% used [0x00000000f9f00000,0x00000000f9f00000,0x00000000fc780000)
 ParOldGen       total 86016K, used 38275K [0x00000000c0000000, 0x00000000c5400000, 0x00000000eaa80000)
  object space 86016K, 44% used [0x00000000c0000000,0x00000000c2560ca0,0x00000000c5400000)
 PSPermGen       total 21504K, used 6131K [0x00000000bae00000, 0x00000000bc300000, 0x00000000c0000000)
  object space 21504K, 28% used [0x00000000bae00000,0x00000000bb3fcfc0,0x00000000bc300000)
}
Event: 8.225 GC heap before
{Heap before GC invocations=9 (full 0):
 PSYoungGen      total 282112K, used 282092K [0x00000000eaa80000, 0x00000000ff980000, 0x0000000100000000)
  eden space 250368K, 100% used [0x00000000eaa80000,0x00000000f9f00000,0x00000000f9f00000)
  from space 31744K, 99% used [0x00000000fc780000,0x00000000fe67b3d0,0x00000000fe680000)
  to   space 41472K, 0% used [0x00000000f9f00000,0x00000000f9f00000,0x00000000fc780000)
 ParOldGen       total 86016K, used 38275K [0x00000000c0000000, 0x00000000c5400000, 0x00000000eaa80000)
  object space 86016K, 44% used [0x00000000c0000000,0x00000000c2560ca0,0x00000000c5400000)
 PSPermGen       total 21504K, used 6155K [0x00000000bae00000, 0x00000000bc300000, 0x00000000c0000000)
  object space 21504K, 28% used [0x00000000bae00000,0x00000000bb402c08,0x00000000bc300000)
Event: 8.351 GC heap after
Heap after GC invocations=9 (full 0):
 PSYoungGen      total 291840K, used 41469K [0x00000000eaa80000, 0x0000000100000000, 0x0000000100000000)
  eden space 250368K, 0% used [0x00000000eaa80000,0x00000000eaa80000,0x00000000f9f00000)
  from space 41472K, 99% used [0x00000000f9f00000,0x00000000fc77f738,0x00000000fc780000)
  to   space 57856K, 0% used [0x00000000fc780000,0x00000000fc780000,0x0000000100000000)
 ParOldGen       total 86016K, used 70123K [0x00000000c0000000, 0x00000000c5400000, 0x00000000eaa80000)
  object space 86016K, 81% used [0x00000000c0000000,0x00000000c447ad40,0x00000000c5400000)
 PSPermGen       total 21504K, used 6155K [0x00000000bae00000, 0x00000000bc300000, 0x00000000c0000000)
  object space 21504K, 28% used [0x00000000bae00000,0x00000000bb402c08,0x00000000bc300000)
}
Event: 8.351 GC heap before
{Heap before GC invocations=10 (full 1):
 PSYoungGen      total 291840K, used 41469K [0x00000000eaa80000, 0x0000000100000000, 0x0000000100000000)
  eden space 250368K, 0% used [0x00000000eaa80000,0x00000000eaa80000,0x00000000f9f00000)
  from space 41472K, 99% used [0x00000000f9f00000,0x00000000fc77f738,0x00000000fc780000)
  to   space 57856K, 0% used [0x00000000fc780000,0x00000000fc780000,0x0000000100000000)
 ParOldGen       total 86016K, used 70123K [0x00000000c0000000, 0x00000000c5400000, 0x00000000eaa80000)
  object space 86016K, 81% used [0x00000000c0000000,0x00000000c447ad40,0x00000000c5400000)
 PSPermGen       total 21504K, used 6155K [0x00000000bae00000, 0x00000000bc300000, 0x00000000c0000000)
  object space 21504K, 28% used [0x00000000bae00000,0x00000000bb402c08,0x00000000bc300000)
Event: 9.254 GC heap after
Heap after GC invocations=10 (full 1):
 PSYoungGen      total 291840K, used 20895K [0x00000000eaa80000, 0x0000000100000000, 0x0000000100000000)
  eden space 250368K, 0% used [0x00000000eaa80000,0x00000000eaa80000,0x00000000f9f00000)
  from space 41472K, 50% used [0x00000000f9f00000,0x00000000fb367d48,0x00000000fc780000)
  to   space 57856K, 0% used [0x00000000fc780000,0x00000000fc780000,0x0000000100000000)
 ParOldGen       total 164352K, used 86015K [0x00000000c0000000, 0x00000000ca080000, 0x00000000eaa80000)
  object space 164352K, 52% used [0x00000000c0000000,0x00000000c53ffc68,0x00000000ca080000)
 PSPermGen       total 21504K, used 6149K [0x00000000bae00000, 0x00000000bc300000, 0x00000000c0000000)
  object space 21504K, 28% used [0x00000000bae00000,0x00000000bb401748,0x00000000bc300000)
}
Event: 9.757 GC heap before
{Heap before GC invocations=11 (full 1):
 PSYoungGen      total 291840K, used 271263K [0x00000000eaa80000, 0x0000000100000000, 0x0000000100000000)
  eden space 250368K, 100% used [0x00000000eaa80000,0x00000000f9f00000,0x00000000f9f00000)
  from space 41472K, 50% used [0x00000000f9f00000,0x00000000fb367d48,0x00000000fc780000)
  to   space 57856K, 0% used [0x00000000fc780000,0x00000000fc780000,0x0000000100000000)
 ParOldGen       total 164352K, used 86015K [0x00000000c0000000, 0x00000000ca080000, 0x00000000eaa80000)
  object space 164352K, 52% used [0x00000000c0000000,0x00000000c53ffc68,0x00000000ca080000)
 PSPermGen       total 21504K, used 6167K [0x00000000bae00000, 0x00000000bc300000, 0x00000000c0000000)
  object space 21504K, 28% used [0x00000000bae00000,0x00000000bb405e48,0x00000000bc300000)

